This is pdfTeX, Version 3.14159265-2.6-1.40.19 (TeX Live 2018/Arch Linux) (preloaded format=pdflatex 2019.4.12)  25 APR 2019 21:00
entering extended mode
 restricted \write18 enabled.
 %&-line parsing enabled.
**cv_german.tex
(./cv_german.tex
LaTeX2e <2018-12-01>
(./moderncv.cls
Document Class: moderncv 2010/05/24 v0.8 modern curriculum vitae document class

(/usr/share/texmf-dist/tex/latex/base/size11.clo
File: size11.clo 2018/09/03 v1.4i Standard LaTeX file (size option)
)
(/usr/share/texmf-dist/tex/latex/etoolbox/etoolbox.sty
Package: etoolbox 2018/08/19 v2.5f e-TeX tools for LaTeX (JAW)
\etb@tempcnta=\count80
)
(/usr/share/texmf-dist/tex/latex/base/ifthen.sty
Package: ifthen 2014/09/29 v1.1c Standard LaTeX ifthen package (DPC)
)
(/usr/share/texmf-dist/tex/generic/oberdiek/ifpdf.sty
Package: ifpdf 2018/09/07 v3.3 Provides the ifpdf switch
)
(/usr/share/texmf-dist/tex/latex/graphics/color.sty
Package: color 2016/07/10 v1.1e Standard LaTeX Color (DPC)

(/usr/share/texmf-dist/tex/latex/graphics-cfg/color.cfg
File: color.cfg 2016/01/02 v1.6 sample color configuration
)
Package color Info: Driver file: pdftex.def on input line 147.

(/usr/share/texmf-dist/tex/latex/graphics-def/pdftex.def
File: pdftex.def 2018/01/08 v1.0l Graphics/color driver for pdftex
))
(/usr/share/texmf-dist/tex/latex/base/fontenc.sty
Package: fontenc 2018/08/11 v2.0j Standard LaTeX package

(/usr/share/texmf-dist/tex/latex/base/t1enc.def
File: t1enc.def 2018/08/11 v2.0j Standard LaTeX file
LaTeX Font Info:    Redeclaring font encoding T1 on input line 48.
))
(/usr/share/texmf-dist/tex/latex/lm/lmodern.sty
Package: lmodern 2009/10/30 v1.6 Latin Modern Fonts
LaTeX Font Info:    Overwriting symbol font `operators' in version `normal'
(Font)                  OT1/cmr/m/n --> OT1/lmr/m/n on input line 22.
LaTeX Font Info:    Overwriting symbol font `letters' in version `normal'
(Font)                  OML/cmm/m/it --> OML/lmm/m/it on input line 23.
LaTeX Font Info:    Overwriting symbol font `symbols' in version `normal'
(Font)                  OMS/cmsy/m/n --> OMS/lmsy/m/n on input line 24.
LaTeX Font Info:    Overwriting symbol font `largesymbols' in version `normal'
(Font)                  OMX/cmex/m/n --> OMX/lmex/m/n on input line 25.
LaTeX Font Info:    Overwriting symbol font `operators' in version `bold'
(Font)                  OT1/cmr/bx/n --> OT1/lmr/bx/n on input line 26.
LaTeX Font Info:    Overwriting symbol font `letters' in version `bold'
(Font)                  OML/cmm/b/it --> OML/lmm/b/it on input line 27.
LaTeX Font Info:    Overwriting symbol font `symbols' in version `bold'
(Font)                  OMS/cmsy/b/n --> OMS/lmsy/b/n on input line 28.
LaTeX Font Info:    Overwriting symbol font `largesymbols' in version `bold'
(Font)                  OMX/cmex/m/n --> OMX/lmex/m/n on input line 29.
LaTeX Font Info:    Overwriting math alphabet `\mathbf' in version `normal'
(Font)                  OT1/cmr/bx/n --> OT1/lmr/bx/n on input line 31.
LaTeX Font Info:    Overwriting math alphabet `\mathsf' in version `normal'
(Font)                  OT1/cmss/m/n --> OT1/lmss/m/n on input line 32.
LaTeX Font Info:    Overwriting math alphabet `\mathit' in version `normal'
(Font)                  OT1/cmr/m/it --> OT1/lmr/m/it on input line 33.
LaTeX Font Info:    Overwriting math alphabet `\mathtt' in version `normal'
(Font)                  OT1/cmtt/m/n --> OT1/lmtt/m/n on input line 34.
LaTeX Font Info:    Overwriting math alphabet `\mathbf' in version `bold'
(Font)                  OT1/cmr/bx/n --> OT1/lmr/bx/n on input line 35.
LaTeX Font Info:    Overwriting math alphabet `\mathsf' in version `bold'
(Font)                  OT1/cmss/bx/n --> OT1/lmss/bx/n on input line 36.
LaTeX Font Info:    Overwriting math alphabet `\mathit' in version `bold'
(Font)                  OT1/cmr/bx/it --> OT1/lmr/bx/it on input line 37.
LaTeX Font Info:    Overwriting math alphabet `\mathtt' in version `bold'
(Font)                  OT1/cmtt/m/n --> OT1/lmtt/m/n on input line 38.
)
(/usr/share/texmf-dist/tex/latex/marvosym/marvosym.sty
Package: marvosym 2011/07/20 v2.2 Martin Vogel's Symbols font definitions
)
(/usr/share/texmf-dist/tex/latex/url/url.sty
\Urlmuskip=\muskip10
Package: url 2013/09/16  ver 3.4  Verb mode for urls, etc.
)
(/usr/share/texmf-dist/tex/latex/graphics/graphicx.sty
Package: graphicx 2017/06/01 v1.1a Enhanced LaTeX Graphics (DPC,SPQR)

(/usr/share/texmf-dist/tex/latex/graphics/keyval.sty
Package: keyval 2014/10/28 v1.15 key=value parser (DPC)
\KV@toks@=\toks14
)
(/usr/share/texmf-dist/tex/latex/graphics/graphics.sty
Package: graphics 2017/06/25 v1.2c Standard LaTeX Graphics (DPC,SPQR)

(/usr/share/texmf-dist/tex/latex/graphics/trig.sty
Package: trig 2016/01/03 v1.10 sin cos tan (DPC)
)
(/usr/share/texmf-dist/tex/latex/graphics-cfg/graphics.cfg
File: graphics.cfg 2016/06/04 v1.11 sample graphics configuration
)
Package graphics Info: Driver file: pdftex.def on input line 99.
)
\Gin@req@height=\dimen102
\Gin@req@width=\dimen103
)
(/usr/share/texmf-dist/tex/latex/fancyhdr/fancyhdr.sty
Package: fancyhdr 2019/01/31 v3.10 Extensive control of page headers and footer
s
\f@nch@headwidth=\skip41
\f@nch@O@elh=\skip42
\f@nch@O@erh=\skip43
\f@nch@O@olh=\skip44
\f@nch@O@orh=\skip45
\f@nch@O@elf=\skip46
\f@nch@O@erf=\skip47
\f@nch@O@olf=\skip48
\f@nch@O@orf=\skip49
)
(./moderncvcompatibility.sty
Package: moderncvcompatibility 2010/05/24 v0.8 modern curriculum vitae compatib
ility patches
)
\quotewidth=\skip50
\hintscolumnwidth=\skip51
\separatorcolumnwidth=\skip52
\maincolumnwidth=\skip53
\doubleitemmaincolumnwidth=\skip54
\listitemsymbolwidth=\skip55
LaTeX Font Info:    Try loading font information for U+mvs on input line 285.
 (/usr/share/texmf-dist/tex/latex/marvosym/umvs.fd)
\listitemmaincolumnwidth=\skip56
\listdoubleitemmaincolumnwidth=\skip57
\bibindent=\skip58
 (./tweaklist.sty)) (/usr/share/texmf-dist/tex/generic/babel/babel.sty
Package: babel 2018/11/13 3.27 The Babel package

(/usr/share/texmf-dist/tex/generic/babel/switch.def
File: switch.def 2018/11/13 3.27 Babel switching mechanism
)
(/usr/share/texmf-dist/tex/generic/babel-german/german.ldf
Language: german 2018/12/08 v2.11 German support for babel (pre-1996 orthograph
y)

(/usr/share/texmf-dist/tex/generic/babel-german/germanb.ldf
Language: germanb 2018/12/08 v2.11 German support for babel (pre-1996 orthograp
hy)

(/usr/share/texmf-dist/tex/generic/babel/babel.def
File: babel.def 2018/11/13 3.27 Babel common definitions
\babel@savecnt=\count81
\U@D=\dimen104

(/usr/share/texmf-dist/tex/generic/babel/txtbabel.def)
\bbl@dirlevel=\count82
)
Package babel Info: Making " an active character on input line 135.
)))
(./moderncv-additions.sty)
(/usr/share/texmf-dist/tex/latex/pdfpages/pdfpages.sty
Package: pdfpages 2017/10/31 v0.5l Insert pages of external PDF documents (AM)

(/usr/share/texmf-dist/tex/latex/tools/calc.sty
Package: calc 2017/05/25 v4.3 Infix arithmetic (KKT,FJ)
\calc@Acount=\count83
\calc@Bcount=\count84
\calc@Adimen=\dimen105
\calc@Bdimen=\dimen106
\calc@Askip=\skip59
\calc@Bskip=\skip60
LaTeX Info: Redefining \setlength on input line 80.
LaTeX Info: Redefining \addtolength on input line 81.
\calc@Ccount=\count85
\calc@Cskip=\skip61
)
(/usr/share/texmf-dist/tex/latex/eso-pic/eso-pic.sty
Package: eso-pic 2018/04/12 v2.0h eso-pic (RN)

(/usr/share/texmf-dist/tex/generic/oberdiek/atbegshi.sty
Package: atbegshi 2016/06/09 v1.18 At begin shipout hook (HO)

(/usr/share/texmf-dist/tex/generic/oberdiek/infwarerr.sty
Package: infwarerr 2016/05/16 v1.4 Providing info/warning/error messages (HO)
)
(/usr/share/texmf-dist/tex/generic/oberdiek/ltxcmds.sty
Package: ltxcmds 2016/05/16 v1.23 LaTeX kernel commands for general use (HO)
)))
\AM@pagewidth=\dimen107
\AM@pageheight=\dimen108

(/usr/share/texmf-dist/tex/latex/pdfpages/pppdftex.def
File: pppdftex.def 2017/10/31 v0.5l Pdfpages driver for pdfTeX (AM)
)
\AM@pagebox=\box27
\AM@global@opts=\toks15
\AM@toc@title=\toks16
\c@AM@survey=\count86
\AM@templatesizebox=\box28
)
(/usr/share/texmf-dist/tex/latex/base/inputenc.sty
Package: inputenc 2018/08/11 v1.3c Input encoding file
\inpenc@prehook=\toks17
\inpenc@posthook=\toks18
)
(/usr/share/texmf-dist/tex/latex/geometry/geometry.sty
Package: geometry 2018/04/16 v5.8 Page Geometry

(/usr/share/texmf-dist/tex/generic/oberdiek/ifvtex.sty
Package: ifvtex 2016/05/16 v1.6 Detect VTeX and its facilities (HO)
Package ifvtex Info: VTeX not detected.
)
(/usr/share/texmf-dist/tex/generic/ifxetex/ifxetex.sty
Package: ifxetex 2010/09/12 v0.6 Provides ifxetex conditional
)
\Gm@cnth=\count87
\Gm@cntv=\count88
\c@Gm@tempcnt=\count89
\Gm@bindingoffset=\dimen109
\Gm@wd@mp=\dimen110
\Gm@odd@mp=\dimen111
\Gm@even@mp=\dimen112
\Gm@layoutwidth=\dimen113
\Gm@layoutheight=\dimen114
\Gm@layouthoffset=\dimen115
\Gm@layoutvoffset=\dimen116
\Gm@dimlist=\toks19
)
(/usr/share/texmf-dist/tex/latex/hyperref/hyperref.sty
Package: hyperref 2018/11/30 v6.88e Hypertext links for LaTeX

(/usr/share/texmf-dist/tex/generic/oberdiek/hobsub-hyperref.sty
Package: hobsub-hyperref 2016/05/16 v1.14 Bundle oberdiek, subset hyperref (HO)


(/usr/share/texmf-dist/tex/generic/oberdiek/hobsub-generic.sty
Package: hobsub-generic 2016/05/16 v1.14 Bundle oberdiek, subset generic (HO)
Package: hobsub 2016/05/16 v1.14 Construct package bundles (HO)
Package hobsub Info: Skipping package `infwarerr' (already loaded).
Package hobsub Info: Skipping package `ltxcmds' (already loaded).
Package: ifluatex 2016/05/16 v1.4 Provides the ifluatex switch (HO)
Package ifluatex Info: LuaTeX not detected.
Package hobsub Info: Skipping package `ifvtex' (already loaded).
Package: intcalc 2016/05/16 v1.2 Expandable calculations with integers (HO)
Package hobsub Info: Skipping package `ifpdf' (already loaded).
Package: etexcmds 2016/05/16 v1.6 Avoid name clashes with e-TeX commands (HO)
Package etexcmds Info: Could not find \expanded.
(etexcmds)             That can mean that you are not using pdfTeX 1.50 or
(etexcmds)             that some package has redefined \expanded.
(etexcmds)             In the latter case, load this package earlier.
Package: kvsetkeys 2016/05/16 v1.17 Key value parser (HO)
Package: kvdefinekeys 2016/05/16 v1.4 Define keys (HO)
Package: pdftexcmds 2018/09/10 v0.29 Utility functions of pdfTeX for LuaTeX (HO
)
Package pdftexcmds Info: LuaTeX not detected.
Package pdftexcmds Info: \pdf@primitive is available.
Package pdftexcmds Info: \pdf@ifprimitive is available.
Package pdftexcmds Info: \pdfdraftmode found.
Package: pdfescape 2016/05/16 v1.14 Implements pdfTeX's escape features (HO)
Package: bigintcalc 2016/05/16 v1.4 Expandable calculations on big integers (HO
)
Package: bitset 2016/05/16 v1.2 Handle bit-vector datatype (HO)
Package: uniquecounter 2016/05/16 v1.3 Provide unlimited unique counter (HO)
)
Package hobsub Info: Skipping package `hobsub' (already loaded).
Package: letltxmacro 2016/05/16 v1.5 Let assignment for LaTeX macros (HO)
Package: hopatch 2016/05/16 v1.3 Wrapper for package hooks (HO)
Package: xcolor-patch 2016/05/16 xcolor patch
Package: atveryend 2016/05/16 v1.9 Hooks at the very end of document (HO)
Package hobsub Info: Skipping package `atbegshi' (already loaded).
Package: refcount 2016/05/16 v3.5 Data extraction from label references (HO)
Package: hycolor 2016/05/16 v1.8 Color options for hyperref/bookmark (HO)
)
(/usr/share/texmf-dist/tex/latex/oberdiek/auxhook.sty
Package: auxhook 2016/05/16 v1.4 Hooks for auxiliary files (HO)
)
(/usr/share/texmf-dist/tex/latex/oberdiek/kvoptions.sty
Package: kvoptions 2016/05/16 v3.12 Key value format for package options (HO)
)
\@linkdim=\dimen117
\Hy@linkcounter=\count90
\Hy@pagecounter=\count91

(/usr/share/texmf-dist/tex/latex/hyperref/pd1enc.def
File: pd1enc.def 2018/11/30 v6.88e Hyperref: PDFDocEncoding definition (HO)
Now handling font encoding PD1 ...
... no UTF-8 mapping file for font encoding PD1
)
\Hy@SavedSpaceFactor=\count92

(/usr/share/texmf-dist/tex/latex/latexconfig/hyperref.cfg
File: hyperref.cfg 2002/06/06 v1.2 hyperref configuration of TeXLive
)
Package hyperref Info: Hyper figures OFF on input line 4519.
Package hyperref Info: Link nesting OFF on input line 4524.
Package hyperref Info: Hyper index ON on input line 4527.
Package hyperref Info: Plain pages OFF on input line 4534.
Package hyperref Info: Backreferencing OFF on input line 4539.
Package hyperref Info: Implicit mode ON; LaTeX internals redefined.
Package hyperref Info: Bookmarks ON on input line 4772.
\c@Hy@tempcnt=\count93
LaTeX Info: Redefining \url on input line 5125.
\XeTeXLinkMargin=\dimen118
\Fld@menulength=\count94
\Field@Width=\dimen119
\Fld@charsize=\dimen120
Package hyperref Info: Hyper figures OFF on input line 6380.
Package hyperref Info: Link nesting OFF on input line 6385.
Package hyperref Info: Hyper index ON on input line 6388.
Package hyperref Info: backreferencing OFF on input line 6395.
Package hyperref Info: Link coloring OFF on input line 6400.
Package hyperref Info: Link coloring with OCG OFF on input line 6405.
Package hyperref Info: PDF/A mode OFF on input line 6410.
LaTeX Info: Redefining \ref on input line 6450.
LaTeX Info: Redefining \pageref on input line 6454.


Package hyperref Warning: Option `pdfpagelabels' is turned off
(hyperref)                because \thepage is undefined.

\c@Item=\count95
\c@Hfootnote=\count96
)
Package hyperref Info: Driver: hpdftex.
 (/usr/share/texmf-dist/tex/latex/hyperref/hpdftex.def
File: hpdftex.def 2018/11/30 v6.88e Hyperref driver for pdfTeX
\Fld@listcount=\count97
\c@bookmark@seq@number=\count98

(/usr/share/texmf-dist/tex/latex/oberdiek/rerunfilecheck.sty
Package: rerunfilecheck 2016/05/16 v1.8 Rerun checks for auxiliary files (HO)
Package uniquecounter Info: New unique counter `rerunfilecheck' on input line 2
82.
)
\Hy@SectionHShift=\skip62
)
(./moderncvthemecasual.sty
Package: moderncvthemecasual 2010/05/24 v0.8 modern curriculum vitae style: cas
ual
Package color Info: Redefining color firstnamecolor on input line 61.
Package color Info: Redefining color familynamecolor on input line 62.
Package color Info: Redefining color quotecolor on input line 63.
Package color Info: Redefining color addresscolor on input line 64.
Package color Info: Redefining color sectionrectanglecolor on input line 66.
Package color Info: Redefining color sectiontitlecolor on input line 67.
Package color Info: Redefining color subsectioncolor on input line 68.
) (./cv_german.aux

LaTeX Warning: Label `azsfs' multiply defined.

)
\openout1 = `cv_german.aux'.

LaTeX Font Info:    Checking defaults for OML/cmm/m/it on input line 49.
LaTeX Font Info:    ... okay on input line 49.
LaTeX Font Info:    Checking defaults for T1/cmr/m/n on input line 49.
LaTeX Font Info:    ... okay on input line 49.
LaTeX Font Info:    Checking defaults for OT1/cmr/m/n on input line 49.
LaTeX Font Info:    ... okay on input line 49.
LaTeX Font Info:    Checking defaults for OMS/cmsy/m/n on input line 49.
LaTeX Font Info:    ... okay on input line 49.
LaTeX Font Info:    Checking defaults for OMX/cmex/m/n on input line 49.
LaTeX Font Info:    ... okay on input line 49.
LaTeX Font Info:    Checking defaults for U/cmr/m/n on input line 49.
LaTeX Font Info:    ... okay on input line 49.
LaTeX Font Info:    Checking defaults for PD1/pdf/m/n on input line 49.
LaTeX Font Info:    ... okay on input line 49.
LaTeX Font Info:    Try loading font information for T1+lmr on input line 49.
 (/usr/share/texmf-dist/tex/latex/lm/t1lmr.fd
File: t1lmr.fd 2009/10/30 v1.6 Font defs for Latin Modern
)
(/usr/share/texmf-dist/tex/context/base/mkii/supp-pdf.mkii
[Loading MPS to PDF converter (version 2006.09.02).]
\scratchcounter=\count99
\scratchdimen=\dimen121
\scratchbox=\box29
\nofMPsegments=\count100
\nofMParguments=\count101
\everyMPshowfont=\toks20
\MPscratchCnt=\count102
\MPscratchDim=\dimen122
\MPnumerator=\count103
\makeMPintoPDFobject=\count104
\everyMPtoPDFconversion=\toks21
) (/usr/share/texmf-dist/tex/latex/oberdiek/epstopdf-base.sty
Package: epstopdf-base 2016/05/15 v2.6 Base part for package epstopdf

(/usr/share/texmf-dist/tex/latex/oberdiek/grfext.sty
Package: grfext 2016/05/16 v1.2 Manage graphics extensions (HO)
)
Package epstopdf-base Info: Redefining graphics rule for `.eps' on input line 4
38.
Package grfext Info: Graphics extension search list:
(grfext)             [.pdf,.png,.jpg,.mps,.jpeg,.jbig2,.jb2,.PDF,.PNG,.JPG,.JPE
G,.JBIG2,.JB2,.eps]
(grfext)             \AppendGraphicsExtensions on input line 456.

(/usr/share/texmf-dist/tex/latex/latexconfig/epstopdf-sys.cfg
File: epstopdf-sys.cfg 2010/07/13 v1.3 Configuration of (r)epstopdf for TeX Liv
e
))
\AtBeginShipoutBox=\box30

(/usr/share/texmf-dist/tex/latex/oberdiek/pdflscape.sty
Package: pdflscape 2016/05/14 v0.11 Display of landscape pages in PDF (HO)

(/usr/share/texmf-dist/tex/latex/graphics/lscape.sty
Package: lscape 2000/10/22 v3.01 Landscape Pages (DPC)
)
Package pdflscape Info: Auto-detected driver: pdftex on input line 81.
)
*geometry* driver: auto-detecting
*geometry* detected driver: pdftex
*geometry* verbose mode - [ preamble ] result:
* driver: pdftex
* paper: a4paper
* layout: <same size as paper>
* layoutoffset:(h,v)=(0.0pt,0.0pt)
* modes: 
* h-part:(L,W,R)=(59.74988pt, 478.00812pt, 59.74988pt)
* v-part:(T,H,B)=(67.60269pt, 676.04005pt, 101.4041pt)
* \paperwidth=597.50787pt
* \paperheight=845.04684pt
* \textwidth=478.00812pt
* \textheight=676.04005pt
* \oddsidemargin=-12.52011pt
* \evensidemargin=-12.52011pt
* \topmargin=-41.6673pt
* \headheight=12.0pt
* \headsep=25.0pt
* \topskip=11.0pt
* \footskip=30.0pt
* \marginparwidth=40.0pt
* \marginparsep=5.0pt
* \columnsep=10.0pt
* \skip\footins=10.0pt plus 4.0pt minus 2.0pt
* \hoffset=0.0pt
* \voffset=0.0pt
* \mag=1000
* \@twocolumnfalse
* \@twosidefalse
* \@mparswitchfalse
* \@reversemarginfalse
* (1in=72.27pt=25.4mm, 1cm=28.453pt)

Package hyperref Info: Link coloring OFF on input line 49.
(/usr/share/texmf-dist/tex/latex/hyperref/nameref.sty
Package: nameref 2016/05/21 v2.44 Cross-referencing by name of section

(/usr/share/texmf-dist/tex/generic/oberdiek/gettitlestring.sty
Package: gettitlestring 2016/05/16 v1.5 Cleanup title references (HO)
)
\c@section@level=\count105
)
LaTeX Info: Redefining \ref on input line 49.
LaTeX Info: Redefining \pageref on input line 49.
LaTeX Info: Redefining \nameref on input line 49.

(./cv_german.out) (./cv_german.out)
\@outlinefile=\write3
\openout3 = `cv_german.out'.

Package hyperref Info: Option `breaklinks' set `true' on input line 49.


Package hyperref Warning: Option `baseurl' has already been used,
(hyperref)                setting the option has no effect on input line 49.


Package hyperref Warning: Option `pdfpagemode' has already been used,
(hyperref)                setting the option has no effect on input line 49.


Package hyperref Warning: Option `pdfstartpage' has already been used,
(hyperref)                setting the option has no effect on input line 49.

Package hyperref Info: Option `bookmarksopen' set `true' on input line 49.
LaTeX Font Info:    Try loading font information for T1+lmss on input line 49.
(/usr/share/texmf-dist/tex/latex/lm/t1lmss.fd
File: t1lmss.fd 2009/10/30 v1.6 Font defs for Latin Modern
)
Package color Info: Redefining color firstnamecolor on input line 52.
Package color Info: Redefining color familynamecolor on input line 53.
Package color Info: Redefining color quotecolor on input line 54.
Package color Info: Redefining color addresscolor on input line 55.
Package color Info: Redefining color sectionrectanglecolor on input line 56.
Package color Info: Redefining color sectiontitlecolor on input line 57.
Package color Info: Redefining color subsectioncolor on input line 58.
Package color Info: Redefining color footersymbolcolor on input line 59.
<picture.jpg, id=8, 170.77406pt x 256.1381pt>
File: picture.jpg Graphic file (type jpg)
<use picture.jpg>
Package pdftex.def Info: picture.jpg  used on input line 70.
(pdftex.def)             Requested size: 64.0pt x 95.98901pt.
LaTeX Font Info:    Try loading font information for OT1+lmr on input line 72.

(/usr/share/texmf-dist/tex/latex/lm/ot1lmr.fd
File: ot1lmr.fd 2009/10/30 v1.6 Font defs for Latin Modern
)
LaTeX Font Info:    Try loading font information for OML+lmm on input line 72.

(/usr/share/texmf-dist/tex/latex/lm/omllmm.fd
File: omllmm.fd 2009/10/30 v1.6 Font defs for Latin Modern
)
LaTeX Font Info:    Try loading font information for OMS+lmsy on input line 72.


(/usr/share/texmf-dist/tex/latex/lm/omslmsy.fd
File: omslmsy.fd 2009/10/30 v1.6 Font defs for Latin Modern
)
LaTeX Font Info:    Try loading font information for OMX+lmex on input line 72.


(/usr/share/texmf-dist/tex/latex/lm/omxlmex.fd
File: omxlmex.fd 2009/10/30 v1.6 Font defs for Latin Modern
)
LaTeX Font Info:    External font `lmex10' loaded for size
(Font)              <10.95> on input line 72.
LaTeX Font Info:    External font `lmex10' loaded for size
(Font)              <8> on input line 72.
LaTeX Font Info:    External font `lmex10' loaded for size
(Font)              <6> on input line 72.
 (./cv_german.toc)
\tf@toc=\write4
\openout4 = `cv_german.toc'.


Underfull \hbox (badness 10000) in paragraph at lines 80--82

 []

[1

{/var/lib/texmf/fonts/map/pdftex/updmap/pdftex.map} <./picture.jpg>]
Underfull \hbox (badness 10000) in paragraph at lines 90--102

 []

LaTeX Font Info:    Font shape `T1/lmss/m/it' in size <10.95> not available
(Font)              Font shape `T1/lmss/m/sl' tried instead on input line 108.

Underfull \hbox (badness 10000) in paragraph at lines 108--109

 []


Underfull \hbox (badness 10000) in paragraph at lines 110--111

 []


Underfull \hbox (badness 10000) in paragraph at lines 115--119

 []


Underfull \hbox (badness 10000) in paragraph at lines 123--126

 []


Overfull \hbox (4.97551pt too wide) in paragraph at lines 130--130
 []\T1/lmss/m/n/10 Programmiersprachen|
 []


Underfull \hbox (badness 10000) in paragraph at lines 130--133

 []

LaTeX Font Info:    Try loading font information for OMS+lmss on input line 133
.
LaTeX Font Info:    No file OMSlmss.fd. on input line 133.

LaTeX Font Warning: Font shape `OMS/lmss/m/sl' undefined
(Font)              using `OMS/cmsy/m/n' instead
(Font)              for symbol `textbullet' on input line 133.

[2]
Underfull \hbox (badness 10000) in paragraph at lines 135--140

 []


Underfull \hbox (badness 10000) in paragraph at lines 147--149

 []


Underfull \hbox (badness 10000) in paragraph at lines 153--156

 []

(./cv_german.bbl
Underfull \hbox (badness 10000) in paragraph at lines 1--1

 []

(./babelbst.tex))
<azecofis.pdf, id=31, 597.432pt x 840.2592pt>
File: azecofis.pdf Graphic file (type pdf)
<use azecofis.pdf>
Package pdftex.def Info: azecofis.pdf  used on input line 181.
(pdftex.def)             Requested size: 597.43054pt x 840.25716pt.
File: azecofis.pdf Graphic file (type pdf)
<use azecofis.pdf>
Package pdftex.def Info: azecofis.pdf  used on input line 181.
(pdftex.def)             Requested size: 597.43054pt x 840.25716pt.
<azecofis.pdf, id=34, page=1, 597.432pt x 840.2592pt>
File: azecofis.pdf Graphic file (type pdf)
<use azecofis.pdf, page 1>
Package pdftex.def Info: azecofis.pdf , page1 used on input line 181.
(pdftex.def)             Requested size: 597.43054pt x 840.25716pt.
File: azecofis.pdf Graphic file (type pdf)
<use azecofis.pdf, page 1>
Package pdftex.def Info: azecofis.pdf , page1 used on input line 181.
(pdftex.def)             Requested size: 597.93192pt x 840.96233pt.
 [3]
File: azecofis.pdf Graphic file (type pdf)
<use azecofis.pdf, page 1>
Package pdftex.def Info: azecofis.pdf , page1 used on input line 181.
(pdftex.def)             Requested size: 597.93192pt x 840.96233pt.
File: azecofis.pdf Graphic file (type pdf)
<use azecofis.pdf, page 1>
Package pdftex.def Info: azecofis.pdf , page1 used on input line 181.
(pdftex.def)             Requested size: 597.93192pt x 840.96233pt.
File: azecofis.pdf Graphic file (type pdf)
<use azecofis.pdf, page 1>
Package pdftex.def Info: azecofis.pdf , page1 used on input line 181.
(pdftex.def)             Requested size: 597.93192pt x 840.96233pt.
 [4 <./azecofis.pdf>]
<azecofis.pdf, id=58, page=2, 597.432pt x 844.11362pt>
File: azecofis.pdf Graphic file (type pdf)
<use azecofis.pdf, page 2>
Package pdftex.def Info: azecofis.pdf , page2 used on input line 181.
(pdftex.def)             Requested size: 597.93192pt x 844.81996pt.
File: azecofis.pdf Graphic file (type pdf)
<use azecofis.pdf, page 2>
Package pdftex.def Info: azecofis.pdf , page2 used on input line 181.
(pdftex.def)             Requested size: 597.93192pt x 844.81996pt.
File: azecofis.pdf Graphic file (type pdf)
<use azecofis.pdf, page 2>
Package pdftex.def Info: azecofis.pdf , page2 used on input line 181.
(pdftex.def)             Requested size: 597.93192pt x 844.81996pt.
 [5 <./azecofis.pdf>]
<azsfs.pdf, id=71, 597.432pt x 844.5954pt>
File: azsfs.pdf Graphic file (type pdf)
<use azsfs.pdf>
Package pdftex.def Info: azsfs.pdf  used on input line 182.
(pdftex.def)             Requested size: 597.43054pt x 844.59334pt.
File: azsfs.pdf Graphic file (type pdf)
<use azsfs.pdf>
Package pdftex.def Info: azsfs.pdf  used on input line 182.
(pdftex.def)             Requested size: 597.43054pt x 844.59334pt.
<azsfs.pdf, id=74, page=1, 597.432pt x 844.5954pt>
File: azsfs.pdf Graphic file (type pdf)
<use azsfs.pdf, page 1>
Package pdftex.def Info: azsfs.pdf , page1 used on input line 182.
(pdftex.def)             Requested size: 597.43054pt x 844.59334pt.
File: azsfs.pdf Graphic file (type pdf)
<use azsfs.pdf, page 1>
Package pdftex.def Info: azsfs.pdf , page1 used on input line 182.
(pdftex.def)             Requested size: 597.93192pt x 845.30214pt.
File: azsfs.pdf Graphic file (type pdf)
<use azsfs.pdf, page 1>
Package pdftex.def Info: azsfs.pdf , page1 used on input line 182.
(pdftex.def)             Requested size: 597.93192pt x 845.30214pt.
File: azsfs.pdf Graphic file (type pdf)
<use azsfs.pdf, page 1>
Package pdftex.def Info: azsfs.pdf , page1 used on input line 182.
(pdftex.def)             Requested size: 597.93192pt x 845.30214pt.
File: azsfs.pdf Graphic file (type pdf)
<use azsfs.pdf, page 1>
Package pdftex.def Info: azsfs.pdf , page1 used on input line 182.
(pdftex.def)             Requested size: 597.93192pt x 845.30214pt.
 [6 <./azsfs.pdf>]
<azmiele.pdf, id=108, 593.21625pt x 844.15375pt>
File: azmiele.pdf Graphic file (type pdf)
<use azmiele.pdf>
Package pdftex.def Info: azmiele.pdf  used on input line 183.
(pdftex.def)             Requested size: 593.2148pt x 844.15169pt.
File: azmiele.pdf Graphic file (type pdf)
<use azmiele.pdf>
Package pdftex.def Info: azmiele.pdf  used on input line 183.
(pdftex.def)             Requested size: 593.2148pt x 844.15169pt.
<azmiele.pdf, id=111, page=1, 593.21625pt x 844.15375pt>
File: azmiele.pdf Graphic file (type pdf)
<use azmiele.pdf, page 1>
Package pdftex.def Info: azmiele.pdf , page1 used on input line 183.
(pdftex.def)             Requested size: 593.2148pt x 844.15169pt.
File: azmiele.pdf Graphic file (type pdf)
<use azmiele.pdf, page 1>
Package pdftex.def Info: azmiele.pdf , page1 used on input line 183.
(pdftex.def)             Requested size: 593.94798pt x 845.19502pt.
File: azmiele.pdf Graphic file (type pdf)
<use azmiele.pdf, page 1>
Package pdftex.def Info: azmiele.pdf , page1 used on input line 183.
(pdftex.def)             Requested size: 593.94798pt x 845.19502pt.
File: azmiele.pdf Graphic file (type pdf)
<use azmiele.pdf, page 1>
Package pdftex.def Info: azmiele.pdf , page1 used on input line 183.
(pdftex.def)             Requested size: 593.94798pt x 845.19502pt.
File: azmiele.pdf Graphic file (type pdf)
<use azmiele.pdf, page 1>
Package pdftex.def Info: azmiele.pdf , page1 used on input line 183.
(pdftex.def)             Requested size: 593.94798pt x 845.19502pt.
 [7 <./azmiele.pdf>]
<ausbildungszeugnis.pdf, id=139, 593.57759pt x 844.11362pt>
File: ausbildungszeugnis.pdf Graphic file (type pdf)
<use ausbildungszeugnis.pdf>
Package pdftex.def Info: ausbildungszeugnis.pdf  used on input line 184.
(pdftex.def)             Requested size: 593.57614pt x 844.11156pt.
File: ausbildungszeugnis.pdf Graphic file (type pdf)
<use ausbildungszeugnis.pdf>
Package pdftex.def Info: ausbildungszeugnis.pdf  used on input line 184.
(pdftex.def)             Requested size: 593.57614pt x 844.11156pt.
<ausbildungszeugnis.pdf, id=142, page=1, 593.57759pt x 844.11362pt>
File: ausbildungszeugnis.pdf Graphic file (type pdf)
<use ausbildungszeugnis.pdf, page 1>
Package pdftex.def Info: ausbildungszeugnis.pdf , page1 used on input line 184.

(pdftex.def)             Requested size: 593.57614pt x 844.11156pt.
File: ausbildungszeugnis.pdf Graphic file (type pdf)
<use ausbildungszeugnis.pdf, page 1>
Package pdftex.def Info: ausbildungszeugnis.pdf , page1 used on input line 184.

(pdftex.def)             Requested size: 594.30977pt x 845.15485pt.
File: ausbildungszeugnis.pdf Graphic file (type pdf)
<use ausbildungszeugnis.pdf, page 1>
Package pdftex.def Info: ausbildungszeugnis.pdf , page1 used on input line 184.

(pdftex.def)             Requested size: 594.30977pt x 845.15485pt.
File: ausbildungszeugnis.pdf Graphic file (type pdf)
<use ausbildungszeugnis.pdf, page 1>
Package pdftex.def Info: ausbildungszeugnis.pdf , page1 used on input line 184.

(pdftex.def)             Requested size: 594.30977pt x 845.15485pt.
File: ausbildungszeugnis.pdf Graphic file (type pdf)
<use ausbildungszeugnis.pdf, page 1>
Package pdftex.def Info: ausbildungszeugnis.pdf , page1 used on input line 184.

(pdftex.def)             Requested size: 594.30977pt x 845.15485pt.
 [8 <./ausbildungszeugnis.pdf>]
Package atveryend Info: Empty hook `BeforeClearDocument' on input line 224.
Package atveryend Info: Empty hook `AfterLastShipout' on input line 224.
 (./cv_german.aux)
Package atveryend Info: Empty hook `AtVeryEndDocument' on input line 224.
Package atveryend Info: Executing hook `AtEndAfterFileList' on input line 224.
Package rerunfilecheck Info: File `cv_german.out' has not changed.
(rerunfilecheck)             Checksum: 7639BCAC128A99415B4BA4BAE36C6235;45.


LaTeX Font Warning: Some font shapes were not available, defaults substituted.


LaTeX Warning: There were multiply-defined labels.

 ) 
Here is how much of TeX's memory you used:
 8076 strings out of 492616
 116266 string characters out of 6135177
 227559 words of memory out of 5000000
 11803 multiletter control sequences out of 15000+600000
 41636 words of font info for 37 fonts, out of 8000000 for 9000
 1141 hyphenation exceptions out of 8191
 41i,18n,46p,775b,490s stack positions out of 5000i,500n,10000p,200000b,80000s
{/usr/share/texmf-dist/fonts/enc/dvips/lm/lm-ec.enc}</usr/share/texmf-dist/fo
nts/type1/public/amsfonts/cm/cmsy10.pfb></usr/share/texmf-dist/fonts/type1/publ
ic/lm/lmss10.pfb></usr/share/texmf-dist/fonts/type1/public/lm/lmss12.pfb></usr/
share/texmf-dist/fonts/type1/public/lm/lmss17.pfb></usr/share/texmf-dist/fonts/
type1/public/lm/lmssbx10.pfb></usr/share/texmf-dist/fonts/type1/public/lm/lmsso
10.pfb></usr/share/texmf-dist/fonts/type1/public/marvosym/marvosym.pfb>
Output written on cv_german.pdf (8 pages, 14190073 bytes).
PDF statistics:
 189 PDF objects out of 1000 (max. 8388607)
 129 compressed objects within 2 object streams
 23 named destinations out of 1000 (max. 500000)
 99 words of extra memory for PDF output out of 10000 (max. 10000000)

