This is pdfTeX, Version 3.141592653-2.6-1.40.25 (TeX Live 2023) (preloaded format=pdflatex 2023.7.3)  3 JUL 2023 17:22
entering extended mode
 restricted \write18 enabled.
 file:line:error style messages enabled.
 %&-line parsing enabled.
**cv_german.tex
(./cv_german.tex
LaTeX2e <2022-11-01> patch level 1
L3 programming layer <2023-02-22> (./moderncv.cls
Document Class: moderncv 2010/05/24 v0.8 modern curriculum vitae document class

(/usr/local/texlive/2023/texmf-dist/tex/latex/base/size11.clo
File: size11.clo 2022/07/02 v1.4n Standard LaTeX file (size option)
)
(/usr/local/texlive/2023/texmf-dist/tex/latex/etoolbox/etoolbox.sty
Package: etoolbox 2020/10/05 v2.5k e-TeX tools for LaTeX (JAW)
\etb@tempcnta=\count185
)
(/usr/local/texlive/2023/texmf-dist/tex/latex/base/ifthen.sty
Package: ifthen 2022/04/13 v1.1d Standard LaTeX ifthen package (DPC)
)
(/usr/local/texlive/2023/texmf-dist/tex/generic/iftex/ifpdf.sty
Package: ifpdf 2019/10/25 v3.4 ifpdf legacy package. Use iftex instead.

(/usr/local/texlive/2023/texmf-dist/tex/generic/iftex/iftex.sty
Package: iftex 2022/02/03 v1.0f TeX engine tests
))
(/usr/local/texlive/2023/texmf-dist/tex/latex/graphics/color.sty
Package: color 2022/01/06 v1.3d Standard LaTeX Color (DPC)

(/usr/local/texlive/2023/texmf-dist/tex/latex/graphics-cfg/color.cfg
File: color.cfg 2016/01/02 v1.6 sample color configuration
)
Package color Info: Driver file: pdftex.def on input line 149.

(/usr/local/texlive/2023/texmf-dist/tex/latex/graphics-def/pdftex.def
File: pdftex.def 2022/09/22 v1.2b Graphics/color driver for pdftex
)
(/usr/local/texlive/2023/texmf-dist/tex/latex/graphics/mathcolor.ltx))
(/usr/local/texlive/2023/texmf-dist/tex/latex/base/fontenc.sty
Package: fontenc 2021/04/29 v2.0v Standard LaTeX package
)
(/usr/local/texlive/2023/texmf-dist/tex/latex/lm/lmodern.sty
Package: lmodern 2015/05/01 v1.6.1 Latin Modern Fonts
LaTeX Font Info:    Overwriting symbol font `operators' in version `normal'
(Font)                  OT1/cmr/m/n --> OT1/lmr/m/n on input line 22.
LaTeX Font Info:    Overwriting symbol font `letters' in version `normal'
(Font)                  OML/cmm/m/it --> OML/lmm/m/it on input line 23.
LaTeX Font Info:    Overwriting symbol font `symbols' in version `normal'
(Font)                  OMS/cmsy/m/n --> OMS/lmsy/m/n on input line 24.
LaTeX Font Info:    Overwriting symbol font `largesymbols' in version `normal'
(Font)                  OMX/cmex/m/n --> OMX/lmex/m/n on input line 25.
LaTeX Font Info:    Overwriting symbol font `operators' in version `bold'
(Font)                  OT1/cmr/bx/n --> OT1/lmr/bx/n on input line 26.
LaTeX Font Info:    Overwriting symbol font `letters' in version `bold'
(Font)                  OML/cmm/b/it --> OML/lmm/b/it on input line 27.
LaTeX Font Info:    Overwriting symbol font `symbols' in version `bold'
(Font)                  OMS/cmsy/b/n --> OMS/lmsy/b/n on input line 28.
LaTeX Font Info:    Overwriting symbol font `largesymbols' in version `bold'
(Font)                  OMX/cmex/m/n --> OMX/lmex/m/n on input line 29.
LaTeX Font Info:    Overwriting math alphabet `\mathbf' in version `normal'
(Font)                  OT1/cmr/bx/n --> OT1/lmr/bx/n on input line 31.
LaTeX Font Info:    Overwriting math alphabet `\mathsf' in version `normal'
(Font)                  OT1/cmss/m/n --> OT1/lmss/m/n on input line 32.
LaTeX Font Info:    Overwriting math alphabet `\mathit' in version `normal'
(Font)                  OT1/cmr/m/it --> OT1/lmr/m/it on input line 33.
LaTeX Font Info:    Overwriting math alphabet `\mathtt' in version `normal'
(Font)                  OT1/cmtt/m/n --> OT1/lmtt/m/n on input line 34.
LaTeX Font Info:    Overwriting math alphabet `\mathbf' in version `bold'
(Font)                  OT1/cmr/bx/n --> OT1/lmr/bx/n on input line 35.
LaTeX Font Info:    Overwriting math alphabet `\mathsf' in version `bold'
(Font)                  OT1/cmss/bx/n --> OT1/lmss/bx/n on input line 36.
LaTeX Font Info:    Overwriting math alphabet `\mathit' in version `bold'
(Font)                  OT1/cmr/bx/it --> OT1/lmr/bx/it on input line 37.
LaTeX Font Info:    Overwriting math alphabet `\mathtt' in version `bold'
(Font)                  OT1/cmtt/m/n --> OT1/lmtt/m/n on input line 38.
)
(/usr/local/texlive/2023/texmf-dist/tex/latex/marvosym/marvosym.sty
Package: marvosym 2011/07/20 v2.2 Martin Vogel's Symbols font definitions
)
(/usr/local/texlive/2023/texmf-dist/tex/latex/url/url.sty
\Urlmuskip=\muskip16
Package: url 2013/09/16  ver 3.4  Verb mode for urls, etc.
)
(/usr/local/texlive/2023/texmf-dist/tex/latex/graphics/graphicx.sty
Package: graphicx 2021/09/16 v1.2d Enhanced LaTeX Graphics (DPC,SPQR)

(/usr/local/texlive/2023/texmf-dist/tex/latex/graphics/keyval.sty
Package: keyval 2022/05/29 v1.15 key=value parser (DPC)
\KV@toks@=\toks16
)
(/usr/local/texlive/2023/texmf-dist/tex/latex/graphics/graphics.sty
Package: graphics 2022/03/10 v1.4e Standard LaTeX Graphics (DPC,SPQR)

(/usr/local/texlive/2023/texmf-dist/tex/latex/graphics/trig.sty
Package: trig 2021/08/11 v1.11 sin cos tan (DPC)
)
(/usr/local/texlive/2023/texmf-dist/tex/latex/graphics-cfg/graphics.cfg
File: graphics.cfg 2016/06/04 v1.11 sample graphics configuration
)
Package graphics Info: Driver file: pdftex.def on input line 107.
)
\Gin@req@height=\dimen140
\Gin@req@width=\dimen141
)
(/usr/local/texlive/2023/texmf-dist/tex/latex/fancyhdr/fancyhdr.sty
Package: fancyhdr 2022/11/09 v4.1 Extensive control of page headers and footers

\f@nch@headwidth=\skip48
\f@nch@O@elh=\skip49
\f@nch@O@erh=\skip50
\f@nch@O@olh=\skip51
\f@nch@O@orh=\skip52
\f@nch@O@elf=\skip53
\f@nch@O@erf=\skip54
\f@nch@O@olf=\skip55
\f@nch@O@orf=\skip56
)
(./moderncvcompatibility.sty
Package: moderncvcompatibility 2010/05/24 v0.8 modern curriculum vitae compatib
ility patches
)
\quotewidth=\skip57
\hintscolumnwidth=\skip58
\separatorcolumnwidth=\skip59
\maincolumnwidth=\skip60
\doubleitemmaincolumnwidth=\skip61
\listitemsymbolwidth=\skip62
LaTeX Font Info:    Trying to load font information for U+mvs on input line 285
.

(/usr/local/texlive/2023/texmf-dist/tex/latex/marvosym/umvs.fd)
\listitemmaincolumnwidth=\skip63
\listdoubleitemmaincolumnwidth=\skip64
\bibindent=\skip65

(./tweaklist.sty))
(/usr/local/texlive/2023/texmf-dist/tex/generic/babel/babel.sty
Package: babel 2023/02/13 3.86 The Babel package
\babel@savecnt=\count186
\U@D=\dimen142
\l@unhyphenated=\language87

(/usr/local/texlive/2023/texmf-dist/tex/generic/babel/txtbabel.def)
\bbl@readstream=\read2
\bbl@dirlevel=\count187

(/usr/local/texlive/2023/texmf-dist/tex/generic/babel-german/german.ldf
Language: german 2021/02/27 v2.13 German support for babel (pre-1996 orthograph
y)

(/usr/local/texlive/2023/texmf-dist/tex/generic/babel-german/germanb.ldf
Language: germanb 2021/02/27 v2.13 German support for babel (pre-1996 orthograp
hy)
Package babel Info: Making " an active character on input line 139.
)))
(/usr/local/texlive/2023/texmf-dist/tex/generic/babel/locale/de/babel-german.te
x
Package babel Info: Importing font and identification data for german
(babel)             from babel-de-1901.ini. Reported on input line 25.
) (./moderncv-additions.sty)
(/usr/local/texlive/2023/texmf-dist/tex/latex/pdfpages/pdfpages.sty
Package: pdfpages 2022/12/19 v0.5x Insert pages of external PDF documents (AM)

(/usr/local/texlive/2023/texmf-dist/tex/latex/tools/calc.sty
Package: calc 2017/05/25 v4.3 Infix arithmetic (KKT,FJ)
\calc@Acount=\count188
\calc@Bcount=\count189
\calc@Adimen=\dimen143
\calc@Bdimen=\dimen144
\calc@Askip=\skip66
\calc@Bskip=\skip67
LaTeX Info: Redefining \setlength on input line 80.
LaTeX Info: Redefining \addtolength on input line 81.
\calc@Ccount=\count190
\calc@Cskip=\skip68
)
(/usr/local/texlive/2023/texmf-dist/tex/latex/eso-pic/eso-pic.sty
Package: eso-pic 2020/10/14 v3.0a eso-pic (RN)
\ESO@tempdima=\dimen145
\ESO@tempdimb=\dimen146
)
\AM@pagewidth=\dimen147
\AM@pageheight=\dimen148
\AM@fboxrule=\dimen149

(/usr/local/texlive/2023/texmf-dist/tex/latex/pdfpages/pppdftex.def
File: pppdftex.def 2022/12/19 v0.5x Pdfpages driver for pdfTeX (AM)
)
\pdfpages@includegraphics@status=\count191
\AM@pagebox=\box51
\AM@global@opts=\toks17
\AM@pagecnt=\count192
\AM@toc@title=\toks18
\AM@lof@heading=\toks19
\c@AM@survey=\count193
\AM@templatesizebox=\box52
)
(/usr/local/texlive/2023/texmf-dist/tex/latex/base/inputenc.sty
Package: inputenc 2021/02/14 v1.3d Input encoding file
\inpenc@prehook=\toks20
\inpenc@posthook=\toks21
)
(/usr/local/texlive/2023/texmf-dist/tex/latex/geometry/geometry.sty
Package: geometry 2020/01/02 v5.9 Page Geometry

(/usr/local/texlive/2023/texmf-dist/tex/generic/iftex/ifvtex.sty
Package: ifvtex 2019/10/25 v1.7 ifvtex legacy package. Use iftex instead.
)
\Gm@cnth=\count194
\Gm@cntv=\count195
\c@Gm@tempcnt=\count196
\Gm@bindingoffset=\dimen150
\Gm@wd@mp=\dimen151
\Gm@odd@mp=\dimen152
\Gm@even@mp=\dimen153
\Gm@layoutwidth=\dimen154
\Gm@layoutheight=\dimen155
\Gm@layouthoffset=\dimen156
\Gm@layoutvoffset=\dimen157
\Gm@dimlist=\toks22
)
(/usr/local/texlive/2023/texmf-dist/tex/latex/hyperref/hyperref.sty
Package: hyperref 2023-02-07 v7.00v Hypertext links for LaTeX

(/usr/local/texlive/2023/texmf-dist/tex/generic/ltxcmds/ltxcmds.sty
Package: ltxcmds 2020-05-10 v1.25 LaTeX kernel commands for general use (HO)
)
(/usr/local/texlive/2023/texmf-dist/tex/generic/pdftexcmds/pdftexcmds.sty
Package: pdftexcmds 2020-06-27 v0.33 Utility functions of pdfTeX for LuaTeX (HO
)

(/usr/local/texlive/2023/texmf-dist/tex/generic/infwarerr/infwarerr.sty
Package: infwarerr 2019/12/03 v1.5 Providing info/warning/error messages (HO)
)
Package pdftexcmds Info: \pdf@primitive is available.
Package pdftexcmds Info: \pdf@ifprimitive is available.
Package pdftexcmds Info: \pdfdraftmode found.
)
(/usr/local/texlive/2023/texmf-dist/tex/latex/kvsetkeys/kvsetkeys.sty
Package: kvsetkeys 2022-10-05 v1.19 Key value parser (HO)
)
(/usr/local/texlive/2023/texmf-dist/tex/generic/kvdefinekeys/kvdefinekeys.sty
Package: kvdefinekeys 2019-12-19 v1.6 Define keys (HO)
)
(/usr/local/texlive/2023/texmf-dist/tex/generic/pdfescape/pdfescape.sty
Package: pdfescape 2019/12/09 v1.15 Implements pdfTeX's escape features (HO)
)
(/usr/local/texlive/2023/texmf-dist/tex/latex/hycolor/hycolor.sty
Package: hycolor 2020-01-27 v1.10 Color options for hyperref/bookmark (HO)
)
(/usr/local/texlive/2023/texmf-dist/tex/latex/letltxmacro/letltxmacro.sty
Package: letltxmacro 2019/12/03 v1.6 Let assignment for LaTeX macros (HO)
)
(/usr/local/texlive/2023/texmf-dist/tex/latex/auxhook/auxhook.sty
Package: auxhook 2019-12-17 v1.6 Hooks for auxiliary files (HO)
)
(/usr/local/texlive/2023/texmf-dist/tex/latex/hyperref/nameref.sty
Package: nameref 2022-05-17 v2.50 Cross-referencing by name of section

(/usr/local/texlive/2023/texmf-dist/tex/latex/refcount/refcount.sty
Package: refcount 2019/12/15 v3.6 Data extraction from label references (HO)
)
(/usr/local/texlive/2023/texmf-dist/tex/generic/gettitlestring/gettitlestring.s
ty
Package: gettitlestring 2019/12/15 v1.6 Cleanup title references (HO)
 (/usr/local/texlive/2023/texmf-dist/tex/latex/kvoptions/kvoptions.sty
Package: kvoptions 2022-06-15 v3.15 Key value format for package options (HO)
))
\c@section@level=\count197
)
\@linkdim=\dimen158
\Hy@linkcounter=\count198
\Hy@pagecounter=\count199

(/usr/local/texlive/2023/texmf-dist/tex/latex/hyperref/pd1enc.def
File: pd1enc.def 2023-02-07 v7.00v Hyperref: PDFDocEncoding definition (HO)
Now handling font encoding PD1 ...
... no UTF-8 mapping file for font encoding PD1
)
(/usr/local/texlive/2023/texmf-dist/tex/generic/intcalc/intcalc.sty
Package: intcalc 2019/12/15 v1.3 Expandable calculations with integers (HO)
)
(/usr/local/texlive/2023/texmf-dist/tex/generic/etexcmds/etexcmds.sty
Package: etexcmds 2019/12/15 v1.7 Avoid name clashes with e-TeX commands (HO)
)
\Hy@SavedSpaceFactor=\count266

(/usr/local/texlive/2023/texmf-dist/tex/latex/hyperref/puenc.def
File: puenc.def 2023-02-07 v7.00v Hyperref: PDF Unicode definition (HO)
Now handling font encoding PU ...
... no UTF-8 mapping file for font encoding PU
)
Package hyperref Info: Hyper figures OFF on input line 4177.
Package hyperref Info: Link nesting OFF on input line 4182.
Package hyperref Info: Hyper index ON on input line 4185.
Package hyperref Info: Plain pages OFF on input line 4192.
Package hyperref Info: Backreferencing OFF on input line 4197.
Package hyperref Info: Implicit mode ON; LaTeX internals redefined.
Package hyperref Info: Bookmarks ON on input line 4425.
\c@Hy@tempcnt=\count267
LaTeX Info: Redefining \url on input line 4763.
\XeTeXLinkMargin=\dimen159

(/usr/local/texlive/2023/texmf-dist/tex/generic/bitset/bitset.sty
Package: bitset 2019/12/09 v1.3 Handle bit-vector datatype (HO)

(/usr/local/texlive/2023/texmf-dist/tex/generic/bigintcalc/bigintcalc.sty
Package: bigintcalc 2019/12/15 v1.5 Expandable calculations on big integers (HO
)
))
\Fld@menulength=\count268
\Field@Width=\dimen160
\Fld@charsize=\dimen161
Package hyperref Info: Hyper figures OFF on input line 6042.
Package hyperref Info: Link nesting OFF on input line 6047.
Package hyperref Info: Hyper index ON on input line 6050.
Package hyperref Info: backreferencing OFF on input line 6057.
Package hyperref Info: Link coloring OFF on input line 6062.
Package hyperref Info: Link coloring with OCG OFF on input line 6067.
Package hyperref Info: PDF/A mode OFF on input line 6072.

(/usr/local/texlive/2023/texmf-dist/tex/latex/base/atbegshi-ltx.sty
Package: atbegshi-ltx 2021/01/10 v1.0c Emulation of the original atbegshi
package with kernel methods
)

Package hyperref Warning: Option `pdfpagelabels' is turned off
(hyperref)                because \thepage is undefined.

\c@Item=\count269
\c@Hfootnote=\count270
)
Package hyperref Info: Driver: hpdftex.
 (/usr/local/texlive/2023/texmf-dist/tex/latex/hyperref/hpdftex.def
File: hpdftex.def 2023-02-07 v7.00v Hyperref driver for pdfTeX
\Fld@listcount=\count271
\c@bookmark@seq@number=\count272

(/usr/local/texlive/2023/texmf-dist/tex/latex/rerunfilecheck/rerunfilecheck.sty
Package: rerunfilecheck 2022-07-10 v1.10 Rerun checks for auxiliary files (HO)
(/usr/local/texlive/2023/texmf-dist/tex/latex/base/atveryend-ltx.sty
Package: atveryend-ltx 2020/08/19 v1.0a Emulation of the original atveryend pac
kage
with kernel methods
)
(/usr/local/texlive/2023/texmf-dist/tex/generic/uniquecounter/uniquecounter.sty
Package: uniquecounter 2019/12/15 v1.4 Provide unlimited unique counter (HO)
)
Package uniquecounter Info: New unique counter `rerunfilecheck' on input line 2
85.
)
\Hy@SectionHShift=\skip69
) (./moderncvthemecasual.sty
Package: moderncvthemecasual 2010/05/24 v0.8 modern curriculum vitae style: cas
ual
Package color Info: Redefining color firstnamecolor on input line 61.
Package color Info: Redefining color familynamecolor on input line 62.
Package color Info: Redefining color quotecolor on input line 63.
Package color Info: Redefining color addresscolor on input line 64.
Package color Info: Redefining color sectionrectanglecolor on input line 66.
Package color Info: Redefining color sectiontitlecolor on input line 67.
Package color Info: Redefining color subsectioncolor on input line 68.
)
LaTeX Font Info:    Trying to load font information for T1+lmr on input line 50
.

(/usr/local/texlive/2023/texmf-dist/tex/latex/lm/t1lmr.fd
File: t1lmr.fd 2015/05/01 v1.6.1 Font defs for Latin Modern
)
(/usr/local/texlive/2023/texmf-dist/tex/latex/l3backend/l3backend-pdftex.def
File: l3backend-pdftex.def 2023-01-16 L3 backend support: PDF output (pdfTeX)
\l__color_backend_stack_int=\count273
\l__pdf_internal_box=\box53
)
(./cv_german.aux)
\openout1 = `cv_german.aux'.

LaTeX Font Info:    Checking defaults for OML/cmm/m/it on input line 50.
LaTeX Font Info:    ... okay on input line 50.
LaTeX Font Info:    Checking defaults for OMS/cmsy/m/n on input line 50.
LaTeX Font Info:    ... okay on input line 50.
LaTeX Font Info:    Checking defaults for OT1/cmr/m/n on input line 50.
LaTeX Font Info:    ... okay on input line 50.
LaTeX Font Info:    Checking defaults for T1/cmr/m/n on input line 50.
LaTeX Font Info:    ... okay on input line 50.
LaTeX Font Info:    Checking defaults for TS1/cmr/m/n on input line 50.
LaTeX Font Info:    ... okay on input line 50.
LaTeX Font Info:    Checking defaults for OMX/cmex/m/n on input line 50.
LaTeX Font Info:    ... okay on input line 50.
LaTeX Font Info:    Checking defaults for U/cmr/m/n on input line 50.
LaTeX Font Info:    ... okay on input line 50.
LaTeX Font Info:    Checking defaults for PD1/pdf/m/n on input line 50.
LaTeX Font Info:    ... okay on input line 50.
LaTeX Font Info:    Checking defaults for PU/pdf/m/n on input line 50.
LaTeX Font Info:    ... okay on input line 50.

(/usr/local/texlive/2023/texmf-dist/tex/context/base/mkii/supp-pdf.mkii
[Loading MPS to PDF converter (version 2006.09.02).]
\scratchcounter=\count274
\scratchdimen=\dimen162
\scratchbox=\box54
\nofMPsegments=\count275
\nofMParguments=\count276
\everyMPshowfont=\toks23
\MPscratchCnt=\count277
\MPscratchDim=\dimen163
\MPnumerator=\count278
\makeMPintoPDFobject=\count279
\everyMPtoPDFconversion=\toks24
) (/usr/local/texlive/2023/texmf-dist/tex/latex/epstopdf-pkg/epstopdf-base.sty
Package: epstopdf-base 2020-01-24 v2.11 Base part for package epstopdf
Package epstopdf-base Info: Redefining graphics rule for `.eps' on input line 4
85.

(/usr/local/texlive/2023/texmf-dist/tex/latex/latexconfig/epstopdf-sys.cfg
File: epstopdf-sys.cfg 2010/07/13 v1.3 Configuration of (r)epstopdf for TeX Liv
e
))
(/usr/local/texlive/2023/texmf-dist/tex/latex/pdflscape/pdflscape.sty
Package: pdflscape 2022-10-27 v0.13 Display of landscape pages in PDF

(/usr/local/texlive/2023/texmf-dist/tex/latex/pdflscape/pdflscape-nometadata.st
y
Package: pdflscape-nometadata 2022-10-28 v0.13 Display of landscape pages in PD
F (HO)
 (/usr/local/texlive/2023/texmf-dist/tex/latex/graphics/lscape.sty
Package: lscape 2020/05/28 v3.02 Landscape Pages (DPC)
)
Package pdflscape Info: Auto-detected driver: pdftex on input line 81.
))
*geometry* driver: auto-detecting
*geometry* detected driver: pdftex
*geometry* verbose mode - [ preamble ] result:
* driver: pdftex
* paper: a4paper
* layout: <same size as paper>
* layoutoffset:(h,v)=(0.0pt,0.0pt)
* modes: 
* h-part:(L,W,R)=(59.74988pt, 478.00812pt, 59.74988pt)
* v-part:(T,H,B)=(67.60269pt, 676.04005pt, 101.4041pt)
* \paperwidth=597.50787pt
* \paperheight=845.04684pt
* \textwidth=478.00812pt
* \textheight=676.04005pt
* \oddsidemargin=-12.52011pt
* \evensidemargin=-12.52011pt
* \topmargin=-41.6673pt
* \headheight=12.0pt
* \headsep=25.0pt
* \topskip=11.0pt
* \footskip=30.0pt
* \marginparwidth=40.0pt
* \marginparsep=5.0pt
* \columnsep=10.0pt
* \skip\footins=10.0pt plus 4.0pt minus 2.0pt
* \hoffset=0.0pt
* \voffset=0.0pt
* \mag=1000
* \@twocolumnfalse
* \@twosidefalse
* \@mparswitchfalse
* \@reversemarginfalse
* (1in=72.27pt=25.4mm, 1cm=28.453pt)

Package hyperref Info: Link coloring OFF on input line 50.
(./cv_german.out) (./cv_german.out)
\@outlinefile=\write3
\openout3 = `cv_german.out'.

LaTeX Font Info:    Trying to load font information for T1+lmss on input line 5
0.

(/usr/local/texlive/2023/texmf-dist/tex/latex/lm/t1lmss.fd
File: t1lmss.fd 2015/05/01 v1.6.1 Font defs for Latin Modern
)
Package hyperref Info: Option `breaklinks' set `true' on input line 50.


Package hyperref Warning: Option `baseurl' has already been used,
(hyperref)                setting the option has no effect on input line 50.


Package hyperref Warning: Option `pdfpagemode' has already been used,
(hyperref)                setting the option has no effect on input line 50.


Package hyperref Warning: Option `pdfstartpage' has already been used,
(hyperref)                setting the option has no effect on input line 50.

Package hyperref Info: Option `bookmarksopen' set `true' on input line 50.
Package color Info: Redefining color firstnamecolor on input line 53.
Package color Info: Redefining color familynamecolor on input line 54.
Package color Info: Redefining color quotecolor on input line 55.
Package color Info: Redefining color addresscolor on input line 56.
Package color Info: Redefining color sectionrectanglecolor on input line 57.
Package color Info: Redefining color sectiontitlecolor on input line 58.
Package color Info: Redefining color subsectioncolor on input line 59.
Package color Info: Redefining color footersymbolcolor on input line 60.
<picture.jpg, id=8, 170.77406pt x 256.1381pt>
File: picture.jpg Graphic file (type jpg)
<use picture.jpg>
Package pdftex.def Info: picture.jpg  used on input line 71.
(pdftex.def)             Requested size: 64.0pt x 95.98901pt.
LaTeX Font Info:    Trying to load font information for OT1+lmr on input line 7
3.
(/usr/local/texlive/2023/texmf-dist/tex/latex/lm/ot1lmr.fd
File: ot1lmr.fd 2015/05/01 v1.6.1 Font defs for Latin Modern
)
LaTeX Font Info:    Trying to load font information for OML+lmm on input line 7
3.

(/usr/local/texlive/2023/texmf-dist/tex/latex/lm/omllmm.fd
File: omllmm.fd 2015/05/01 v1.6.1 Font defs for Latin Modern
)
LaTeX Font Info:    Trying to load font information for OMS+lmsy on input line 
73.

(/usr/local/texlive/2023/texmf-dist/tex/latex/lm/omslmsy.fd
File: omslmsy.fd 2015/05/01 v1.6.1 Font defs for Latin Modern
)
LaTeX Font Info:    Trying to load font information for OMX+lmex on input line 
73.

(/usr/local/texlive/2023/texmf-dist/tex/latex/lm/omxlmex.fd
File: omxlmex.fd 2015/05/01 v1.6.1 Font defs for Latin Modern
)
LaTeX Font Info:    External font `lmex10' loaded for size
(Font)              <10.95> on input line 73.
LaTeX Font Info:    External font `lmex10' loaded for size
(Font)              <8> on input line 73.
LaTeX Font Info:    External font `lmex10' loaded for size
(Font)              <6> on input line 73.
 (./cv_german.toc)
\tf@toc=\write4
\openout4 = `cv_german.toc'.


Underfull \hbox (badness 10000) in paragraph at lines 81--83

 []

[1

{/usr/local/texlive/2023/texmf-var/fonts/map/pdftex/updmap/pdftex.map}{/usr/loc
al/texlive/2023/texmf-dist/fonts/enc/dvips/lm/lm-ec.enc} <./picture.jpg>]
Underfull \hbox (badness 10000) in paragraph at lines 91--103

 []

LaTeX Font Info:    Font shape `T1/lmss/m/it' in size <10.95> not available
(Font)              Font shape `T1/lmss/m/sl' tried instead on input line 109.

Underfull \hbox (badness 10000) in paragraph at lines 109--110

 []


Underfull \hbox (badness 10000) in paragraph at lines 111--112

 []


Underfull \hbox (badness 10000) in paragraph at lines 116--121

 []


Underfull \hbox (badness 10000) in paragraph at lines 122--132

 []

LaTeX Font Info:    Trying to load font information for TS1+lmss on input line 
132.
(/usr/local/texlive/2023/texmf-dist/tex/latex/lm/ts1lmss.fd
File: ts1lmss.fd 2015/05/01 v1.6.1 Font defs for Latin Modern
) [2{/usr/local/texlive/2023/texmf-dist/fonts/enc/dvips/lm/lm-ts1.enc}]
Underfull \hbox (badness 10000) in paragraph at lines 133--139

 []

[3]
Underfull \hbox (badness 10000) in paragraph at lines 143--147

 []


Underfull \hbox (badness 10000) in paragraph at lines 149--154

 []


Underfull \hbox (badness 10000) in paragraph at lines 161--164

 []


Underfull \hbox (badness 10000) in paragraph at lines 168--171

 []

LaTeX Font Info:    Trying to load font information for T1+pcr on input line 17
3.
(/usr/local/texlive/2023/texmf-dist/tex/latex/psnfss/t1pcr.fd
File: t1pcr.fd 2001/06/04 font definitions for T1/pcr.
)
Underfull \hbox (badness 10000) in paragraph at lines 172--178

 []

(./cv_german.bbl
Underfull \hbox (badness 10000) in paragraph at lines 1--1

 []

(./babelbst.tex) [4{/usr/local/texlive/2023/texmf-dist/fonts/enc/dvips/base/8r.
enc}])
<../Arbeitszeugnisse/ECOFIS.pdf, id=52, 597.432pt x 840.2592pt>
File: ../Arbeitszeugnisse/ECOFIS.pdf Graphic file (type pdf)
<use ../Arbeitszeugnisse/ECOFIS.pdf>
Package pdftex.def Info: ../Arbeitszeugnisse/ECOFIS.pdf  used on input line 203
.
(pdftex.def)             Requested size: 597.43054pt x 840.25716pt.
File: ../Arbeitszeugnisse/ECOFIS.pdf Graphic file (type pdf)
<use ../Arbeitszeugnisse/ECOFIS.pdf>
Package pdftex.def Info: ../Arbeitszeugnisse/ECOFIS.pdf  used on input line 203
.
(pdftex.def)             Requested size: 597.43054pt x 840.25716pt.
<../Arbeitszeugnisse/ECOFIS.pdf, id=55, page=1, 597.432pt x 840.2592pt>
File: ../Arbeitszeugnisse/ECOFIS.pdf Graphic file (type pdf)
<use ../Arbeitszeugnisse/ECOFIS.pdf, page 1>
Package pdftex.def Info: ../Arbeitszeugnisse/ECOFIS.pdf , page1 used on input l
ine 203.
(pdftex.def)             Requested size: 597.43054pt x 840.25716pt.
File: ../Arbeitszeugnisse/ECOFIS.pdf Graphic file (type pdf)
<use ../Arbeitszeugnisse/ECOFIS.pdf, page 1>
Package pdftex.def Info: ../Arbeitszeugnisse/ECOFIS.pdf , page1 used on input l
ine 203.
(pdftex.def)             Requested size: 597.93192pt x 840.96233pt.
 [5]
File: ../Arbeitszeugnisse/ECOFIS.pdf Graphic file (type pdf)
<use ../Arbeitszeugnisse/ECOFIS.pdf, page 1>
Package pdftex.def Info: ../Arbeitszeugnisse/ECOFIS.pdf , page1 used on input l
ine 203.
(pdftex.def)             Requested size: 597.93192pt x 840.96233pt.
File: ../Arbeitszeugnisse/ECOFIS.pdf Graphic file (type pdf)
<use ../Arbeitszeugnisse/ECOFIS.pdf, page 1>
Package pdftex.def Info: ../Arbeitszeugnisse/ECOFIS.pdf , page1 used on input l
ine 203.
(pdftex.def)             Requested size: 597.93192pt x 840.96233pt.
File: ../Arbeitszeugnisse/ECOFIS.pdf Graphic file (type pdf)
<use ../Arbeitszeugnisse/ECOFIS.pdf, page 1>
Package pdftex.def Info: ../Arbeitszeugnisse/ECOFIS.pdf , page1 used on input l
ine 203.
(pdftex.def)             Requested size: 597.93192pt x 840.96233pt.
 [6 <../Arbeitszeugnisse/ECOFIS.pdf>]
<../Arbeitszeugnisse/ECOFIS.pdf, id=76, page=2, 597.432pt x 844.11362pt>
File: ../Arbeitszeugnisse/ECOFIS.pdf Graphic file (type pdf)
<use ../Arbeitszeugnisse/ECOFIS.pdf, page 2>
Package pdftex.def Info: ../Arbeitszeugnisse/ECOFIS.pdf , page2 used on input l
ine 203.
(pdftex.def)             Requested size: 597.93192pt x 844.81996pt.
File: ../Arbeitszeugnisse/ECOFIS.pdf Graphic file (type pdf)
<use ../Arbeitszeugnisse/ECOFIS.pdf, page 2>
Package pdftex.def Info: ../Arbeitszeugnisse/ECOFIS.pdf , page2 used on input l
ine 203.
(pdftex.def)             Requested size: 597.93192pt x 844.81996pt.
File: ../Arbeitszeugnisse/ECOFIS.pdf Graphic file (type pdf)
<use ../Arbeitszeugnisse/ECOFIS.pdf, page 2>
Package pdftex.def Info: ../Arbeitszeugnisse/ECOFIS.pdf , page2 used on input l
ine 203.
(pdftex.def)             Requested size: 597.93192pt x 844.81996pt.
 [7 <../Arbeitszeugnisse/ECOFIS.pdf>]
<../Arbeitszeugnisse/SFS.pdf, id=90, 597.432pt x 844.5954pt>
File: ../Arbeitszeugnisse/SFS.pdf Graphic file (type pdf)
<use ../Arbeitszeugnisse/SFS.pdf>
Package pdftex.def Info: ../Arbeitszeugnisse/SFS.pdf  used on input line 204.
(pdftex.def)             Requested size: 597.43054pt x 844.59334pt.
File: ../Arbeitszeugnisse/SFS.pdf Graphic file (type pdf)
<use ../Arbeitszeugnisse/SFS.pdf>
Package pdftex.def Info: ../Arbeitszeugnisse/SFS.pdf  used on input line 204.
(pdftex.def)             Requested size: 597.43054pt x 844.59334pt.
<../Arbeitszeugnisse/SFS.pdf, id=93, page=1, 597.432pt x 844.5954pt>
File: ../Arbeitszeugnisse/SFS.pdf Graphic file (type pdf)
<use ../Arbeitszeugnisse/SFS.pdf, page 1>
Package pdftex.def Info: ../Arbeitszeugnisse/SFS.pdf , page1 used on input line
 204.
(pdftex.def)             Requested size: 597.43054pt x 844.59334pt.
File: ../Arbeitszeugnisse/SFS.pdf Graphic file (type pdf)
<use ../Arbeitszeugnisse/SFS.pdf, page 1>
Package pdftex.def Info: ../Arbeitszeugnisse/SFS.pdf , page1 used on input line
 204.
(pdftex.def)             Requested size: 597.93192pt x 845.30214pt.
File: ../Arbeitszeugnisse/SFS.pdf Graphic file (type pdf)
<use ../Arbeitszeugnisse/SFS.pdf, page 1>
Package pdftex.def Info: ../Arbeitszeugnisse/SFS.pdf , page1 used on input line
 204.
(pdftex.def)             Requested size: 597.93192pt x 845.30214pt.
File: ../Arbeitszeugnisse/SFS.pdf Graphic file (type pdf)
<use ../Arbeitszeugnisse/SFS.pdf, page 1>
Package pdftex.def Info: ../Arbeitszeugnisse/SFS.pdf , page1 used on input line
 204.
(pdftex.def)             Requested size: 597.93192pt x 845.30214pt.
File: ../Arbeitszeugnisse/SFS.pdf Graphic file (type pdf)
<use ../Arbeitszeugnisse/SFS.pdf, page 1>
Package pdftex.def Info: ../Arbeitszeugnisse/SFS.pdf , page1 used on input line
 204.
(pdftex.def)             Requested size: 597.93192pt x 845.30214pt.
 [8 <../Arbeitszeugnisse/SFS.pdf>]
<../Arbeitszeugnisse/Miele.pdf, id=127, 593.21625pt x 844.15375pt>
File: ../Arbeitszeugnisse/Miele.pdf Graphic file (type pdf)
<use ../Arbeitszeugnisse/Miele.pdf>
Package pdftex.def Info: ../Arbeitszeugnisse/Miele.pdf  used on input line 205.

(pdftex.def)             Requested size: 593.2148pt x 844.15169pt.
File: ../Arbeitszeugnisse/Miele.pdf Graphic file (type pdf)
<use ../Arbeitszeugnisse/Miele.pdf>
Package pdftex.def Info: ../Arbeitszeugnisse/Miele.pdf  used on input line 205.

(pdftex.def)             Requested size: 593.2148pt x 844.15169pt.
<../Arbeitszeugnisse/Miele.pdf, id=130, page=1, 593.21625pt x 844.15375pt>
File: ../Arbeitszeugnisse/Miele.pdf Graphic file (type pdf)
<use ../Arbeitszeugnisse/Miele.pdf, page 1>
Package pdftex.def Info: ../Arbeitszeugnisse/Miele.pdf , page1 used on input li
ne 205.
(pdftex.def)             Requested size: 593.2148pt x 844.15169pt.
File: ../Arbeitszeugnisse/Miele.pdf Graphic file (type pdf)
<use ../Arbeitszeugnisse/Miele.pdf, page 1>
Package pdftex.def Info: ../Arbeitszeugnisse/Miele.pdf , page1 used on input li
ne 205.
(pdftex.def)             Requested size: 593.94798pt x 845.19502pt.
File: ../Arbeitszeugnisse/Miele.pdf Graphic file (type pdf)
<use ../Arbeitszeugnisse/Miele.pdf, page 1>
Package pdftex.def Info: ../Arbeitszeugnisse/Miele.pdf , page1 used on input li
ne 205.
(pdftex.def)             Requested size: 593.94798pt x 845.19502pt.
File: ../Arbeitszeugnisse/Miele.pdf Graphic file (type pdf)
<use ../Arbeitszeugnisse/Miele.pdf, page 1>
Package pdftex.def Info: ../Arbeitszeugnisse/Miele.pdf , page1 used on input li
ne 205.
(pdftex.def)             Requested size: 593.94798pt x 845.19502pt.
File: ../Arbeitszeugnisse/Miele.pdf Graphic file (type pdf)
<use ../Arbeitszeugnisse/Miele.pdf, page 1>
Package pdftex.def Info: ../Arbeitszeugnisse/Miele.pdf , page1 used on input li
ne 205.
(pdftex.def)             Requested size: 593.94798pt x 845.19502pt.
 [9 <../Arbeitszeugnisse/Miele.pdf>]
<../Arbeitszeugnisse/Ausbildungszeugnis.pdf, id=158, 593.57759pt x 844.11362pt>

File: ../Arbeitszeugnisse/Ausbildungszeugnis.pdf Graphic file (type pdf)
<use ../Arbeitszeugnisse/Ausbildungszeugnis.pdf>
Package pdftex.def Info: ../Arbeitszeugnisse/Ausbildungszeugnis.pdf  used on in
put line 206.
(pdftex.def)             Requested size: 593.57614pt x 844.11156pt.
File: ../Arbeitszeugnisse/Ausbildungszeugnis.pdf Graphic file (type pdf)
<use ../Arbeitszeugnisse/Ausbildungszeugnis.pdf>
Package pdftex.def Info: ../Arbeitszeugnisse/Ausbildungszeugnis.pdf  used on in
put line 206.
(pdftex.def)             Requested size: 593.57614pt x 844.11156pt.
<../Arbeitszeugnisse/Ausbildungszeugnis.pdf, id=161, page=1, 593.57759pt x 844.
11362pt>
File: ../Arbeitszeugnisse/Ausbildungszeugnis.pdf Graphic file (type pdf)
<use ../Arbeitszeugnisse/Ausbildungszeugnis.pdf, page 1>
Package pdftex.def Info: ../Arbeitszeugnisse/Ausbildungszeugnis.pdf , page1 use
d on input line 206.
(pdftex.def)             Requested size: 593.57614pt x 844.11156pt.
File: ../Arbeitszeugnisse/Ausbildungszeugnis.pdf Graphic file (type pdf)
<use ../Arbeitszeugnisse/Ausbildungszeugnis.pdf, page 1>
Package pdftex.def Info: ../Arbeitszeugnisse/Ausbildungszeugnis.pdf , page1 use
d on input line 206.
(pdftex.def)             Requested size: 594.30977pt x 845.15485pt.
File: ../Arbeitszeugnisse/Ausbildungszeugnis.pdf Graphic file (type pdf)
<use ../Arbeitszeugnisse/Ausbildungszeugnis.pdf, page 1>
Package pdftex.def Info: ../Arbeitszeugnisse/Ausbildungszeugnis.pdf , page1 use
d on input line 206.
(pdftex.def)             Requested size: 594.30977pt x 845.15485pt.
File: ../Arbeitszeugnisse/Ausbildungszeugnis.pdf Graphic file (type pdf)
<use ../Arbeitszeugnisse/Ausbildungszeugnis.pdf, page 1>
Package pdftex.def Info: ../Arbeitszeugnisse/Ausbildungszeugnis.pdf , page1 use
d on input line 206.
(pdftex.def)             Requested size: 594.30977pt x 845.15485pt.
File: ../Arbeitszeugnisse/Ausbildungszeugnis.pdf Graphic file (type pdf)
<use ../Arbeitszeugnisse/Ausbildungszeugnis.pdf, page 1>
Package pdftex.def Info: ../Arbeitszeugnisse/Ausbildungszeugnis.pdf , page1 use
d on input line 206.
(pdftex.def)             Requested size: 594.30977pt x 845.15485pt.

[10 <../Arbeitszeugnisse/Ausbildungszeugnis.pdf>] (./cv_german.aux)
Package rerunfilecheck Info: File `cv_german.out' has not changed.
(rerunfilecheck)             Checksum: F8B4BD1E96DFF2E491F74652433E4E86;93.
 ) 
Here is how much of TeX's memory you used:
 12197 strings out of 476025
 198496 string characters out of 5790018
 1870388 words of memory out of 5000000
 32391 multiletter control sequences out of 15000+600000
 554052 words of font info for 58 fonts, out of 8000000 for 9000
 1141 hyphenation exceptions out of 8191
 80i,17n,79p,860b,617s stack positions out of 10000i,1000n,20000p,200000b,200000s
</usr/local/texlive/2023/texmf-dist/fonts/type1/public/lm/lmss10.pfb></usr/lo
cal/texlive/2023/texmf-dist/fonts/type1/public/lm/lmss12.pfb></usr/local/texliv
e/2023/texmf-dist/fonts/type1/public/lm/lmss17.pfb></usr/local/texlive/2023/tex
mf-dist/fonts/type1/public/lm/lmssbx10.pfb></usr/local/texlive/2023/texmf-dist/
fonts/type1/public/lm/lmsso10.pfb></usr/local/texlive/2023/texmf-dist/fonts/typ
e1/public/marvosym/marvosym.pfb></usr/local/texlive/2023/texmf-dist/fonts/type1
/urw/courier/ucrr8a.pfb>
Output written on cv_german.pdf (10 pages, 14208750 bytes).
PDF statistics:
 219 PDF objects out of 1000 (max. 8388607)
 149 compressed objects within 2 object streams
 27 named destinations out of 1000 (max. 500000)
 99 words of extra memory for PDF output out of 10000 (max. 10000000)

